#
# There is insufficient memory for the Java Runtime Environment to continue.
# Native memory allocation (malloc) failed to allocate 1048576 bytes. Error detail: AllocateHeap
# Possible reasons:
#   The system is out of physical RAM or swap space
#   This process is running with CompressedOops enabled, and the Java Heap may be blocking the growth of the native heap
# Possible solutions:
#   Reduce memory load on the system
#   Increase physical memory or swap space
#   Check if swap backing store is full
#   Decrease Java heap size (-Xmx/-Xms)
#   Decrease number of Java threads
#   Decrease Java thread stack sizes (-Xss)
#   Set larger code cache with -XX:ReservedCodeCacheSize=
#   JVM is running with Unscaled Compressed Oops mode in which the Java heap is
#     placed in the first 4GB address space. The Java Heap base address is the
#     maximum limit for the native heap growth. Please use -XX:HeapBaseMinAddress
#     to set the Java Heap base and to place the Java Heap above 4GB virtual address.
# This output file may be truncated or incomplete.
#
#  Out of Memory Error (allocation.cpp:44), pid=3640, tid=22092
#
# JRE version: OpenJDK Runtime Environment Temurin-17.0.11+9 (17.0.11+9) (build 17.0.11+9)
# Java VM: OpenJDK 64-Bit Server VM Temurin-17.0.11+9 (17.0.11+9, mixed mode, emulated-client, tiered, compressed oops, compressed class ptrs, g1 gc, windows-amd64)
# No core dump will be written. Minidumps are not enabled by default on client versions of Windows
#

---------------  S U M M A R Y ------------

Command Line: -Xmx1024m -Dsts.lsp.client=vscode -Dsts.log.file=/dev/null -XX:TieredStopAtLevel=1 -Xlog:jni+resolve=off -Dspring.config.location=file:c:\Users\umamda\.vscode\extensions\vmware.vscode-spring-boot-1.56.0\language-server\BOOT-INF\classes\application.properties org.springframework.ide.vscode.boot.app.BootLanguageServerBootApp

Host: 11th Gen Intel(R) Core(TM) i5-1135G7 @ 2.40GHz, 8 cores, 5G,  Windows 11 , 64 bit Build 22621 (10.0.22621.3672)
Time: Mon Aug 26 13:53:23 2024 Maroc elapsed time: 262.605058 seconds (0d 0h 4m 22s)

---------------  T H R E A D  ---------------

Current thread (0x000001b9a827aa80):  VMThread "VM Thread" [stack: 0x0000003262c00000,0x0000003262d00000] [id=22092]

Stack: [0x0000003262c00000,0x0000003262d00000]
Native frames: (J=compiled Java code, j=interpreted, Vv=VM code, C=native code)
V  [jvm.dll+0x67d429]
V  [jvm.dll+0x834b7a]
V  [jvm.dll+0x83663e]
V  [jvm.dll+0x836ca3]
V  [jvm.dll+0x247dbf]
V  [jvm.dll+0xa6cb3]
V  [jvm.dll+0x2f8ad3]
V  [jvm.dll+0x2f4750]
V  [jvm.dll+0x2dcf67]
V  [jvm.dll+0x31fb67]
V  [jvm.dll+0x83b19b]
V  [jvm.dll+0x83bed2]
V  [jvm.dll+0x83c3ed]
V  [jvm.dll+0x83c7c4]
V  [jvm.dll+0x83c890]
V  [jvm.dll+0x7e410a]
V  [jvm.dll+0x67c315]
C  [ucrtbase.dll+0x29333]
C  [KERNEL32.DLL+0x1257d]
C  [ntdll.dll+0x5af28]

VM_Operation (0x00000032643fec00): G1CollectFull, mode: safepoint, requested by thread 0x000001b9ae48c060


---------------  P R O C E S S  ---------------

Threads class SMR info:
_java_thread_list=0x000001b9ad745cb0, length=27, elements={
0x000001b9a828e380, 0x000001b9a828ee50, 0x000001b9a82c82a0, 0x000001b9a82cb080,
0x000001b9a82cbf60, 0x000001b9a82ce840, 0x000001b9a82b2c10, 0x000001b9a82d25f0,
0x000001b9a861f7b0, 0x000001b9a8629c40, 0x000001b9ae401da0, 0x000001b9ae48c060,
0x000001b9ae522030, 0x000001b99d4781e0, 0x000001b9ae5b8600, 0x000001b9ae5df9d0,
0x000001b9ae5e8b60, 0x000001b9ae3a0530, 0x000001b9ae39fb10, 0x000001b9ae3a0020,
0x000001b9ae3a0a40, 0x000001b9ae39f600, 0x000001b9ae620e60, 0x000001b9ae6227b0,
0x000001b9ae61eaf0, 0x000001b9ae61d1a0, 0x000001b9ae61bd60
}

Java Threads: ( => current thread )
  0x000001b9a828e380 JavaThread "Reference Handler" daemon [_thread_blocked, id=3328, stack(0x0000003262d00000,0x0000003262e00000)]
  0x000001b9a828ee50 JavaThread "Finalizer" daemon [_thread_blocked, id=24320, stack(0x0000003262e00000,0x0000003262f00000)]
  0x000001b9a82c82a0 JavaThread "Signal Dispatcher" daemon [_thread_blocked, id=17580, stack(0x0000003262f00000,0x0000003263000000)]
  0x000001b9a82cb080 JavaThread "Attach Listener" daemon [_thread_blocked, id=19312, stack(0x0000003263000000,0x0000003263100000)]
  0x000001b9a82cbf60 JavaThread "Service Thread" daemon [_thread_blocked, id=19988, stack(0x0000003263100000,0x0000003263200000)]
  0x000001b9a82ce840 JavaThread "Monitor Deflation Thread" daemon [_thread_blocked, id=17872, stack(0x0000003263200000,0x0000003263300000)]
  0x000001b9a82b2c10 JavaThread "C1 CompilerThread0" daemon [_thread_blocked, id=4384, stack(0x0000003263300000,0x0000003263400000)]
  0x000001b9a82d25f0 JavaThread "Sweeper thread" daemon [_thread_blocked, id=21496, stack(0x0000003263400000,0x0000003263500000)]
  0x000001b9a861f7b0 JavaThread "Notification Thread" daemon [_thread_blocked, id=4524, stack(0x0000003263700000,0x0000003263800000)]
  0x000001b9a8629c40 JavaThread "Common-Cleaner" daemon [_thread_blocked, id=23964, stack(0x0000003263900000,0x0000003263a00000)]
  0x000001b9ae401da0 JavaThread "boundedElastic-evictor-1" daemon [_thread_blocked, id=23344, stack(0x0000003263f00000,0x0000003264000000)]
  0x000001b9ae48c060 JavaThread "pool-13-thread-1" [_thread_blocked, id=12932, stack(0x0000003264300000,0x0000003264400000)]
  0x000001b9ae522030 JavaThread "LanguageServerApp-lifecycle" [_thread_blocked, id=10156, stack(0x0000003264400000,0x0000003264500000)]
  0x000001b99d4781e0 JavaThread "DestroyJavaVM" [_thread_blocked, id=15784, stack(0x0000003262600000,0x0000003262700000)]
  0x000001b9ae5b8600 JavaThread "pool-14-thread-1" [_thread_in_native, id=6476, stack(0x0000003264500000,0x0000003264600000)]
  0x000001b9ae5df9d0 JavaThread "Simple-Language-Server main thread" daemon [_thread_blocked, id=11856, stack(0x0000003264600000,0x0000003264700000)]
  0x000001b9ae5e8b60 JavaThread "pool-8-thread-1" [_thread_blocked, id=19192, stack(0x0000003264700000,0x0000003264800000)]
  0x000001b9ae3a0530 JavaThread "parallel-1" daemon [_thread_blocked, id=19204, stack(0x0000003264800000,0x0000003264900000)]
  0x000001b9ae39fb10 JavaThread "parallel-2" daemon [_thread_blocked, id=20320, stack(0x0000003264900000,0x0000003264a00000)]
  0x000001b9ae3a0020 JavaThread "parallel-3" daemon [_thread_blocked, id=14524, stack(0x0000003264a00000,0x0000003264b00000)]
  0x000001b9ae3a0a40 JavaThread "parallel-4" daemon [_thread_blocked, id=16948, stack(0x0000003264b00000,0x0000003264c00000)]
  0x000001b9ae39f600 JavaThread "pool-6-thread-1" [_thread_blocked, id=19056, stack(0x0000003264d00000,0x0000003264e00000)]
  0x000001b9ae620e60 JavaThread "parallel-5" daemon [_thread_blocked, id=6364, stack(0x0000003264e00000,0x0000003264f00000)]
  0x000001b9ae6227b0 JavaThread "parallel-6" daemon [_thread_blocked, id=14116, stack(0x0000003265000000,0x0000003265100000)]
  0x000001b9ae61eaf0 JavaThread "parallel-7" daemon [_thread_blocked, id=10676, stack(0x0000003265100000,0x0000003265200000)]
  0x000001b9ae61d1a0 JavaThread "parallel-8" daemon [_thread_blocked, id=24304, stack(0x0000003265200000,0x0000003265300000)]
  0x000001b9ae61bd60 JavaThread "Reconciler-1" daemon [_thread_blocked, id=10996, stack(0x0000003265400000,0x0000003265500000)]

Other Threads:
=>0x000001b9a827aa80 VMThread "VM Thread" [stack: 0x0000003262c00000,0x0000003262d00000] [id=22092]
  0x000001b9a861fc90 WatcherThread [stack: 0x0000003263800000,0x0000003263900000] [id=22608]
  0x000001b99d4b6690 GCTaskThread "GC Thread#0" [stack: 0x0000003262700000,0x0000003262800000] [id=25152]
  0x000001b9ad823800 GCTaskThread "GC Thread#1" [stack: 0x0000003263600000,0x0000003263700000] [id=16560]
  0x000001b9ad873960 GCTaskThread "GC Thread#2" [stack: 0x0000003263a00000,0x0000003263b00000] [id=17020]
  0x000001b9ad873c20 GCTaskThread "GC Thread#3" [stack: 0x0000003263b00000,0x0000003263c00000] [id=3508]
  0x000001b9ada1e270 GCTaskThread "GC Thread#4" [stack: 0x0000003263c00000,0x0000003263d00000] [id=20132]
  0x000001b9ad911da0 GCTaskThread "GC Thread#5" [stack: 0x0000003263d00000,0x0000003263e00000] [id=22796]
  0x000001b9a8473a10 GCTaskThread "GC Thread#6" [stack: 0x0000003264000000,0x0000003264100000] [id=24568]
  0x000001b9ad6dd830 GCTaskThread "GC Thread#7" [stack: 0x0000003264100000,0x0000003264200000] [id=24240]
  0x000001b99d4bfc90 ConcurrentGCThread "G1 Main Marker" [stack: 0x0000003262800000,0x0000003262900000] [id=9412]
  0x000001b99d4c05c0 ConcurrentGCThread "G1 Conc#0" [stack: 0x0000003262900000,0x0000003262a00000] [id=21888]
  0x000001b9a85d7a20 ConcurrentGCThread "G1 Conc#1" [stack: 0x0000003264200000,0x0000003264300000] [id=17836]
  0x000001b99d517bd0 ConcurrentGCThread "G1 Refine#0" [stack: 0x0000003262a00000,0x0000003262b00000] [id=25520]
  0x000001b99d518510 ConcurrentGCThread "G1 Service" [stack: 0x0000003262b00000,0x0000003262c00000] [id=17568]

Threads with active compile tasks:

VM state: at safepoint (normal execution)

VM Mutex/Monitor currently owned by a thread:  ([mutex/lock_event])
[0x000001b99b2943c0] Threads_lock - owner thread: 0x000001b9a827aa80
[0x000001b99b290d20] Heap_lock - owner thread: 0x000001b9ae48c060

Heap address: 0x00000000c0000000, size: 1024 MB, Compressed Oops mode: 32-bit

CDS archive(s) not mapped
Compressed class space mapped at: 0x0000000100000000-0x0000000140000000, reserved size: 1073741824
Narrow klass base: 0x0000000000000000, Narrow klass shift: 3, Narrow klass range: 0x140000000

GC Precious Log:
 CPUs: 8 total, 8 available
 Memory: 5638M
 Large Page Support: Disabled
 NUMA Support: Disabled
 Compressed Oops: Enabled (32-bit)
 Heap Region Size: 1M
 Heap Min Capacity: 8M
 Heap Initial Capacity: 90M
 Heap Max Capacity: 1G
 Pre-touch: Disabled
 Parallel Workers: 8
 Concurrent Workers: 2
 Concurrent Refinement Workers: 8
 Periodic GC: Disabled

Heap:
 garbage-first heap   total 75776K, used 25118K [0x00000000c0000000, 0x0000000100000000)
  region size 1024K, 1 young (1024K), 0 survivors (0K)
 Metaspace       used 40903K, committed 41472K, reserved 1114112K
  class space    used 5222K, committed 5440K, reserved 1048576K

Heap Regions: E=young(eden), S=young(survivor), O=old, HS=humongous(starts), HC=humongous(continues), CS=collection set, F=free, OA=open archive, CA=closed archive, TAMS=top-at-mark-start (previous, next)
|   0|0x00000000c0000000, 0x00000000c0100000, 0x00000000c0100000|100%|HS|  |TAMS 0x00000000c0100000, 0x00000000c0000000| Untracked 
|   1|0x00000000c0100000, 0x00000000c0200000, 0x00000000c0200000|100%|HC|  |TAMS 0x00000000c0200000, 0x00000000c0100000| Untracked 
|   2|0x00000000c0200000, 0x00000000c0300000, 0x00000000c0300000|100%|HC|  |TAMS 0x00000000c0300000, 0x00000000c0200000| Untracked 
|   3|0x00000000c0300000, 0x00000000c0400000, 0x00000000c0400000|100%|HC|  |TAMS 0x00000000c0400000, 0x00000000c0300000| Untracked 
|   4|0x00000000c0400000, 0x00000000c0500000, 0x00000000c0500000|100%|HS|  |TAMS 0x00000000c0500000, 0x00000000c0400000| Untracked 
|   5|0x00000000c0500000, 0x00000000c0600000, 0x00000000c0600000|100%|HC|  |TAMS 0x00000000c0600000, 0x00000000c0500000| Untracked 
|   6|0x00000000c0600000, 0x00000000c0700000, 0x00000000c0700000|100%| O|  |TAMS 0x00000000c0700000, 0x00000000c0600000| Untracked 
|   7|0x00000000c0700000, 0x00000000c0800000, 0x00000000c0800000|100%| O|  |TAMS 0x00000000c0800000, 0x00000000c0700000| Untracked 
|   8|0x00000000c0800000, 0x00000000c0900000, 0x00000000c0900000|100%| O|  |TAMS 0x00000000c0900000, 0x00000000c0800000| Untracked 
|   9|0x00000000c0900000, 0x00000000c09ffff0, 0x00000000c0a00000| 99%| O|  |TAMS 0x00000000c09ffff0, 0x00000000c0900000| Untracked 
|  10|0x00000000c0a00000, 0x00000000c0afffd0, 0x00000000c0b00000| 99%| O|  |TAMS 0x00000000c0afffd0, 0x00000000c0a00000| Untracked 
|  11|0x00000000c0b00000, 0x00000000c0c00000, 0x00000000c0c00000|100%| O|  |TAMS 0x00000000c0c00000, 0x00000000c0b00000| Untracked 
|  12|0x00000000c0c00000, 0x00000000c0cffff8, 0x00000000c0d00000| 99%| O|  |TAMS 0x00000000c0cffff8, 0x00000000c0c00000| Untracked 
|  13|0x00000000c0d00000, 0x00000000c0dffff8, 0x00000000c0e00000| 99%| O|  |TAMS 0x00000000c0dffff8, 0x00000000c0d00000| Untracked 
|  14|0x00000000c0e00000, 0x00000000c0f00000, 0x00000000c0f00000|100%| O|  |TAMS 0x00000000c0f00000, 0x00000000c0e00000| Untracked 
|  15|0x00000000c0f00000, 0x00000000c0ffffe0, 0x00000000c1000000| 99%| O|  |TAMS 0x00000000c0ffffe0, 0x00000000c0f00000| Untracked 
|  16|0x00000000c1000000, 0x00000000c10fffe0, 0x00000000c1100000| 99%| O|  |TAMS 0x00000000c10fffe0, 0x00000000c1000000| Untracked 
|  17|0x00000000c1100000, 0x00000000c11ffff8, 0x00000000c1200000| 99%| O|  |TAMS 0x00000000c11ffff8, 0x00000000c1100000| Untracked 
|  18|0x00000000c1200000, 0x00000000c12ffff8, 0x00000000c1300000| 99%| O|  |TAMS 0x00000000c12ffff8, 0x00000000c1200000| Untracked 
|  19|0x00000000c1300000, 0x00000000c13fffe8, 0x00000000c1400000| 99%| O|  |TAMS 0x00000000c13fffe8, 0x00000000c1300000| Untracked 
|  20|0x00000000c1400000, 0x00000000c1500000, 0x00000000c1500000|100%| O|  |TAMS 0x00000000c1500000, 0x00000000c1400000| Untracked 
|  21|0x00000000c1500000, 0x00000000c1600000, 0x00000000c1600000|100%| O|  |TAMS 0x00000000c1600000, 0x00000000c1500000| Untracked 
|  22|0x00000000c1600000, 0x00000000c16ffff8, 0x00000000c1700000| 99%| O|  |TAMS 0x00000000c16ffff8, 0x00000000c1600000| Untracked 
|  23|0x00000000c1700000, 0x00000000c1800000, 0x00000000c1800000|100%| O|  |TAMS 0x00000000c1800000, 0x00000000c1700000| Untracked 
|  24|0x00000000c1800000, 0x00000000c1885898, 0x00000000c1900000| 52%| O|  |TAMS 0x00000000c1800000, 0x00000000c1800000| Untracked 
|  25|0x00000000c1900000, 0x00000000c1902318, 0x00000000c1a00000|  0%| O|  |TAMS 0x00000000c1900000, 0x00000000c1900000| Untracked 
|  26|0x00000000c1a00000, 0x00000000c1a00000, 0x00000000c1b00000|  0%| F|  |TAMS 0x00000000c1a00000, 0x00000000c1a00000| Untracked 
|  27|0x00000000c1b00000, 0x00000000c1b00000, 0x00000000c1c00000|  0%| F|  |TAMS 0x00000000c1b00000, 0x00000000c1b00000| Untracked 
|  28|0x00000000c1c00000, 0x00000000c1c00000, 0x00000000c1d00000|  0%| F|  |TAMS 0x00000000c1c00000, 0x00000000c1c00000| Untracked 
|  29|0x00000000c1d00000, 0x00000000c1d00000, 0x00000000c1e00000|  0%| F|  |TAMS 0x00000000c1d00000, 0x00000000c1d00000| Untracked 
|  30|0x00000000c1e00000, 0x00000000c1e00000, 0x00000000c1f00000|  0%| F|  |TAMS 0x00000000c1e00000, 0x00000000c1e00000| Untracked 
|  31|0x00000000c1f00000, 0x00000000c1f00000, 0x00000000c2000000|  0%| F|  |TAMS 0x00000000c1f00000, 0x00000000c1f00000| Untracked 
|  32|0x00000000c2000000, 0x00000000c2000000, 0x00000000c2100000|  0%| F|  |TAMS 0x00000000c2000000, 0x00000000c2000000| Untracked 
|  33|0x00000000c2100000, 0x00000000c2100000, 0x00000000c2200000|  0%| F|  |TAMS 0x00000000c2100000, 0x00000000c2100000| Untracked 
|  34|0x00000000c2200000, 0x00000000c2200000, 0x00000000c2300000|  0%| F|  |TAMS 0x00000000c2200000, 0x00000000c2200000| Untracked 
|  35|0x00000000c2300000, 0x00000000c2300000, 0x00000000c2400000|  0%| F|  |TAMS 0x00000000c2300000, 0x00000000c2300000| Untracked 
|  36|0x00000000c2400000, 0x00000000c2400000, 0x00000000c2500000|  0%| F|  |TAMS 0x00000000c2400000, 0x00000000c2400000| Untracked 
|  37|0x00000000c2500000, 0x00000000c2500000, 0x00000000c2600000|  0%| F|  |TAMS 0x00000000c2500000, 0x00000000c2500000| Untracked 
|  38|0x00000000c2600000, 0x00000000c2600000, 0x00000000c2700000|  0%| F|  |TAMS 0x00000000c2600000, 0x00000000c2600000| Untracked 
|  39|0x00000000c2700000, 0x00000000c2700000, 0x00000000c2800000|  0%| F|  |TAMS 0x00000000c2700000, 0x00000000c2700000| Untracked 
|  40|0x00000000c2800000, 0x00000000c2800000, 0x00000000c2900000|  0%| F|  |TAMS 0x00000000c2800000, 0x00000000c2800000| Untracked 
|  41|0x00000000c2900000, 0x00000000c2900000, 0x00000000c2a00000|  0%| F|  |TAMS 0x00000000c2900000, 0x00000000c2900000| Untracked 
|  42|0x00000000c2a00000, 0x00000000c2a00000, 0x00000000c2b00000|  0%| F|  |TAMS 0x00000000c2a00000, 0x00000000c2a00000| Untracked 
|  43|0x00000000c2b00000, 0x00000000c2b00000, 0x00000000c2c00000|  0%| F|  |TAMS 0x00000000c2b00000, 0x00000000c2b00000| Untracked 
|  44|0x00000000c2c00000, 0x00000000c2c00000, 0x00000000c2d00000|  0%| F|  |TAMS 0x00000000c2c00000, 0x00000000c2c00000| Untracked 
|  45|0x00000000c2d00000, 0x00000000c2d00000, 0x00000000c2e00000|  0%| F|  |TAMS 0x00000000c2d00000, 0x00000000c2d00000| Untracked 
|  46|0x00000000c2e00000, 0x00000000c2e00000, 0x00000000c2f00000|  0%| F|  |TAMS 0x00000000c2e00000, 0x00000000c2e00000| Untracked 
|  47|0x00000000c2f00000, 0x00000000c2f00000, 0x00000000c3000000|  0%| F|  |TAMS 0x00000000c2f00000, 0x00000000c2f00000| Untracked 
|  48|0x00000000c3000000, 0x00000000c3000000, 0x00000000c3100000|  0%| F|  |TAMS 0x00000000c3000000, 0x00000000c3000000| Untracked 
|  49|0x00000000c3100000, 0x00000000c3100000, 0x00000000c3200000|  0%| F|  |TAMS 0x00000000c3100000, 0x00000000c3100000| Untracked 
|  50|0x00000000c3200000, 0x00000000c3200000, 0x00000000c3300000|  0%| F|  |TAMS 0x00000000c3200000, 0x00000000c3200000| Untracked 
|  51|0x00000000c3300000, 0x00000000c3300000, 0x00000000c3400000|  0%| F|  |TAMS 0x00000000c3300000, 0x00000000c3300000| Untracked 
|  52|0x00000000c3400000, 0x00000000c3400000, 0x00000000c3500000|  0%| F|  |TAMS 0x00000000c3400000, 0x00000000c3400000| Untracked 
|  53|0x00000000c3500000, 0x00000000c3500000, 0x00000000c3600000|  0%| F|  |TAMS 0x00000000c3500000, 0x00000000c3500000| Untracked 
|  54|0x00000000c3600000, 0x00000000c3600000, 0x00000000c3700000|  0%| F|  |TAMS 0x00000000c3600000, 0x00000000c3600000| Untracked 
|  55|0x00000000c3700000, 0x00000000c3700000, 0x00000000c3800000|  0%| F|  |TAMS 0x00000000c3700000, 0x00000000c3700000| Untracked 
|  56|0x00000000c3800000, 0x00000000c3800000, 0x00000000c3900000|  0%| F|  |TAMS 0x00000000c3800000, 0x00000000c3800000| Untracked 
|  57|0x00000000c3900000, 0x00000000c3900000, 0x00000000c3a00000|  0%| F|  |TAMS 0x00000000c3900000, 0x00000000c3900000| Untracked 
|  58|0x00000000c3a00000, 0x00000000c3a00000, 0x00000000c3b00000|  0%| F|  |TAMS 0x00000000c3a00000, 0x00000000c3a00000| Untracked 
|  59|0x00000000c3b00000, 0x00000000c3b00000, 0x00000000c3c00000|  0%| F|  |TAMS 0x00000000c3b00000, 0x00000000c3b00000| Untracked 
|  60|0x00000000c3c00000, 0x00000000c3c00000, 0x00000000c3d00000|  0%| F|  |TAMS 0x00000000c3c00000, 0x00000000c3c00000| Untracked 
|  61|0x00000000c3d00000, 0x00000000c3d00000, 0x00000000c3e00000|  0%| F|  |TAMS 0x00000000c3d00000, 0x00000000c3d00000| Untracked 
|  62|0x00000000c3e00000, 0x00000000c3e00000, 0x00000000c3f00000|  0%| F|  |TAMS 0x00000000c3e00000, 0x00000000c3e00000| Untracked 
|  63|0x00000000c3f00000, 0x00000000c3f00000, 0x00000000c4000000|  0%| F|  |TAMS 0x00000000c3f00000, 0x00000000c3f00000| Untracked 
|  64|0x00000000c4000000, 0x00000000c4000000, 0x00000000c4100000|  0%| F|  |TAMS 0x00000000c4000000, 0x00000000c4000000| Untracked 
|  65|0x00000000c4100000, 0x00000000c4100000, 0x00000000c4200000|  0%| F|  |TAMS 0x00000000c4100000, 0x00000000c4100000| Untracked 
|  66|0x00000000c4200000, 0x00000000c4200000, 0x00000000c4300000|  0%| F|  |TAMS 0x00000000c4200000, 0x00000000c4200000| Untracked 
|  67|0x00000000c4300000, 0x00000000c4300000, 0x00000000c4400000|  0%| F|  |TAMS 0x00000000c4300000, 0x00000000c4300000| Untracked 
|  68|0x00000000c4400000, 0x00000000c4400000, 0x00000000c4500000|  0%| F|  |TAMS 0x00000000c4400000, 0x00000000c4400000| Untracked 
|  80|0x00000000c5000000, 0x00000000c5000000, 0x00000000c5100000|  0%| F|  |TAMS 0x00000000c5000000, 0x00000000c5000000| Untracked 
|  81|0x00000000c5100000, 0x00000000c5100000, 0x00000000c5200000|  0%| F|  |TAMS 0x00000000c5100000, 0x00000000c5100000| Untracked 
|  82|0x00000000c5200000, 0x00000000c5200000, 0x00000000c5300000|  0%| F|  |TAMS 0x00000000c5200000, 0x00000000c5200000| Untracked 
|  83|0x00000000c5300000, 0x00000000c5300000, 0x00000000c5400000|  0%| F|  |TAMS 0x00000000c5300000, 0x00000000c5300000| Untracked 
|  89|0x00000000c5900000, 0x00000000c5923da8, 0x00000000c5a00000| 14%| E|  |TAMS 0x00000000c5900000, 0x00000000c5900000| Complete 

Card table byte_map: [0x000001b9a3410000,0x000001b9a3610000] _byte_map_base: 0x000001b9a2e10000

Marking Bits (Prev, Next): (CMBitMap*) 0x000001b99d4b6c00, (CMBitMap*) 0x000001b99d4b6bc0
 Prev Bits: [0x000001b9a4810000, 0x000001b9a5810000)
 Next Bits: [0x000001b9a3810000, 0x000001b9a4810000)

Polling page: 0x000001b99cc20000

Metaspace:

Usage:
  Non-class:     34.84 MB used.
      Class:      5.10 MB used.
       Both:     39.94 MB used.

Virtual space:
  Non-class space:       64.00 MB reserved,      35.19 MB ( 55%) committed,  1 nodes.
      Class space:        1.00 GB reserved,       5.31 MB ( <1%) committed,  1 nodes.
             Both:        1.06 GB reserved,      40.50 MB (  4%) committed. 

Chunk freelists:
   Non-Class:  12.43 MB
       Class:  10.70 MB
        Both:  23.13 MB

MaxMetaspaceSize: unlimited
CompressedClassSpaceSize: 1.00 GB
Initial GC threshold: 21.00 MB
Current GC threshold: 67.50 MB
CDS: off
MetaspaceReclaimPolicy: balanced
 - commit_granule_bytes: 65536.
 - commit_granule_words: 8192.
 - virtual_space_node_default_size: 8388608.
 - enlarge_chunks_in_place: 1.
 - new_chunks_are_fully_committed: 0.
 - uncommit_free_chunks: 1.
 - use_allocation_guard: 0.
 - handle_deallocations: 1.


Internal statistics:

num_allocs_failed_limit: 8.
num_arena_births: 502.
num_arena_deaths: 152.
num_vsnodes_births: 2.
num_vsnodes_deaths: 0.
num_space_committed: 647.
num_space_uncommitted: 0.
num_chunks_returned_to_freelist: 178.
num_chunks_taken_from_freelist: 1722.
num_chunk_merges: 58.
num_chunk_splits: 1192.
num_chunks_enlarged: 915.
num_inconsistent_stats: 0.

CodeCache: size=49152Kb used=6820Kb max_used=7931Kb free=42331Kb
 bounds [0x000001b9a0100000, 0x000001b9a08c0000, 0x000001b9a3100000]
 total_blobs=4201 nmethods=3654 adapters=474
 compilation: enabled
              stopped_count=0, restarted_count=0
 full_count=0

Compilation events (20 events):
Event: 11.479 Thread 0x000001b9a82b0c30 3642       1       java.net.URI$Parser::checkChars (44 bytes)
Event: 11.480 Thread 0x000001b9a82b0c30 nmethod 3642 0x000001b9a08be310 code [0x000001b9a08be500, 0x000001b9a08be928]
Event: 11.483 Thread 0x000001b9a82b0c30 3643       1       reactor.core.publisher.InternalMonoOperator::nextOptimizableSource (5 bytes)
Event: 11.483 Thread 0x000001b9a82b0c30 nmethod 3643 0x000001b9a08beb90 code [0x000001b9a08bed20, 0x000001b9a08bedf8]
Event: 30.288 Thread 0x000001b9a82b2c10 3644       1       java.lang.Thread::interrupted (23 bytes)
Event: 30.322 Thread 0x000001b9a82b2c10 nmethod 3644 0x000001b9a03c6790 code [0x000001b9a03c6920, 0x000001b9a03c6a08]
Event: 30.322 Thread 0x000001b9a82b2c10 3646       1       java.util.concurrent.locks.AbstractQueuedSynchronizer::signalNext (34 bytes)
Event: 30.334 Thread 0x000001b9a82b2c10 nmethod 3646 0x000001b9a03c6390 code [0x000001b9a03c6520, 0x000001b9a03c6668]
Event: 30.334 Thread 0x000001b9a82b2c10 3645       1       java.util.ArrayList::<init> (63 bytes)
Event: 30.343 Thread 0x000001b9a82b2c10 nmethod 3645 0x000001b9a03c5e10 code [0x000001b9a03c5fe0, 0x000001b9a03c62b8]
Event: 50.508 Thread 0x000001b9a82b2c10 3647       1       java.lang.invoke.StringConcatFactory::parseRecipe (198 bytes)
Event: 50.546 Thread 0x000001b9a82b2c10 nmethod 3647 0x000001b9a03c4510 code [0x000001b9a03c47e0, 0x000001b9a03c5538]
Event: 51.573 Thread 0x000001b9a82b2c10 3650       1       java.util.logging.Logger::getName (5 bytes)
Event: 51.574 Thread 0x000001b9a82b2c10 nmethod 3650 0x000001b9a03c3c10 code [0x000001b9a03c3da0, 0x000001b9a03c3e78]
Event: 150.273 Thread 0x000001b9a82b2c10 3652       1       java.util.concurrent.ThreadPoolExecutor::runStateAtLeast (11 bytes)
Event: 150.288 Thread 0x000001b9a82b2c10 nmethod 3652 0x000001b9a03c3610 code [0x000001b9a03c37a0, 0x000001b9a03c3858]
Event: 210.271 Thread 0x000001b9a82b2c10 3653       1       java.util.concurrent.locks.AbstractQueuedSynchronizer::release (19 bytes)
Event: 210.302 Thread 0x000001b9a82b2c10 nmethod 3653 0x000001b9a03c3110 code [0x000001b9a03c32c0, 0x000001b9a03c34b8]
Event: 210.834 Thread 0x000001b9a82b2c10 3654       1       java.lang.System::checkKey (34 bytes)
Event: 210.866 Thread 0x000001b9a82b2c10 nmethod 3654 0x000001b9a03c2c10 code [0x000001b9a03c2dc0, 0x000001b9a03c2fb8]

GC Heap History (20 events):
Event: 159.401 GC heap before
{Heap before GC invocations=19 (full 9):
 garbage-first heap   total 75776K, used 25118K [0x00000000c0000000, 0x0000000100000000)
  region size 1024K, 1 young (1024K), 0 survivors (0K)
 Metaspace       used 40903K, committed 41472K, reserved 1114112K
  class space    used 5222K, committed 5440K, reserved 1048576K
}
Event: 159.424 GC heap after
{Heap after GC invocations=20 (full 10):
 garbage-first heap   total 75776K, used 25118K [0x00000000c0000000, 0x0000000100000000)
  region size 1024K, 0 young (0K), 0 survivors (0K)
 Metaspace       used 40903K, committed 41472K, reserved 1114112K
  class space    used 5222K, committed 5440K, reserved 1048576K
}
Event: 169.636 GC heap before
{Heap before GC invocations=20 (full 10):
 garbage-first heap   total 75776K, used 25118K [0x00000000c0000000, 0x0000000100000000)
  region size 1024K, 1 young (1024K), 0 survivors (0K)
 Metaspace       used 40903K, committed 41472K, reserved 1114112K
  class space    used 5222K, committed 5440K, reserved 1048576K
}
Event: 169.670 GC heap after
{Heap after GC invocations=21 (full 11):
 garbage-first heap   total 75776K, used 25118K [0x00000000c0000000, 0x0000000100000000)
  region size 1024K, 0 young (0K), 0 survivors (0K)
 Metaspace       used 40903K, committed 41472K, reserved 1114112K
  class space    used 5222K, committed 5440K, reserved 1048576K
}
Event: 179.845 GC heap before
{Heap before GC invocations=21 (full 11):
 garbage-first heap   total 75776K, used 25118K [0x00000000c0000000, 0x0000000100000000)
  region size 1024K, 1 young (1024K), 0 survivors (0K)
 Metaspace       used 40903K, committed 41472K, reserved 1114112K
  class space    used 5222K, committed 5440K, reserved 1048576K
}
Event: 179.862 GC heap after
{Heap after GC invocations=22 (full 12):
 garbage-first heap   total 75776K, used 25118K [0x00000000c0000000, 0x0000000100000000)
  region size 1024K, 0 young (0K), 0 survivors (0K)
 Metaspace       used 40903K, committed 41472K, reserved 1114112K
  class space    used 5222K, committed 5440K, reserved 1048576K
}
Event: 190.276 GC heap before
{Heap before GC invocations=22 (full 12):
 garbage-first heap   total 75776K, used 25118K [0x00000000c0000000, 0x0000000100000000)
  region size 1024K, 1 young (1024K), 0 survivors (0K)
 Metaspace       used 40903K, committed 41472K, reserved 1114112K
  class space    used 5222K, committed 5440K, reserved 1048576K
}
Event: 190.344 GC heap after
{Heap after GC invocations=23 (full 13):
 garbage-first heap   total 75776K, used 25118K [0x00000000c0000000, 0x0000000100000000)
  region size 1024K, 0 young (0K), 0 survivors (0K)
 Metaspace       used 40903K, committed 41472K, reserved 1114112K
  class space    used 5222K, committed 5440K, reserved 1048576K
}
Event: 200.579 GC heap before
{Heap before GC invocations=23 (full 13):
 garbage-first heap   total 75776K, used 25118K [0x00000000c0000000, 0x0000000100000000)
  region size 1024K, 1 young (1024K), 0 survivors (0K)
 Metaspace       used 40903K, committed 41472K, reserved 1114112K
  class space    used 5222K, committed 5440K, reserved 1048576K
}
Event: 200.604 GC heap after
{Heap after GC invocations=24 (full 14):
 garbage-first heap   total 75776K, used 25118K [0x00000000c0000000, 0x0000000100000000)
  region size 1024K, 0 young (0K), 0 survivors (0K)
 Metaspace       used 40903K, committed 41472K, reserved 1114112K
  class space    used 5222K, committed 5440K, reserved 1048576K
}
Event: 210.835 GC heap before
{Heap before GC invocations=24 (full 14):
 garbage-first heap   total 75776K, used 25118K [0x00000000c0000000, 0x0000000100000000)
  region size 1024K, 1 young (1024K), 0 survivors (0K)
 Metaspace       used 40903K, committed 41472K, reserved 1114112K
  class space    used 5222K, committed 5440K, reserved 1048576K
}
Event: 210.859 GC heap after
{Heap after GC invocations=25 (full 15):
 garbage-first heap   total 75776K, used 25118K [0x00000000c0000000, 0x0000000100000000)
  region size 1024K, 0 young (0K), 0 survivors (0K)
 Metaspace       used 40903K, committed 41472K, reserved 1114112K
  class space    used 5222K, committed 5440K, reserved 1048576K
}
Event: 221.104 GC heap before
{Heap before GC invocations=25 (full 15):
 garbage-first heap   total 75776K, used 25118K [0x00000000c0000000, 0x0000000100000000)
  region size 1024K, 1 young (1024K), 0 survivors (0K)
 Metaspace       used 40903K, committed 41472K, reserved 1114112K
  class space    used 5222K, committed 5440K, reserved 1048576K
}
Event: 221.140 GC heap after
{Heap after GC invocations=26 (full 16):
 garbage-first heap   total 75776K, used 25118K [0x00000000c0000000, 0x0000000100000000)
  region size 1024K, 0 young (0K), 0 survivors (0K)
 Metaspace       used 40903K, committed 41472K, reserved 1114112K
  class space    used 5222K, committed 5440K, reserved 1048576K
}
Event: 231.426 GC heap before
{Heap before GC invocations=26 (full 16):
 garbage-first heap   total 75776K, used 25118K [0x00000000c0000000, 0x0000000100000000)
  region size 1024K, 1 young (1024K), 0 survivors (0K)
 Metaspace       used 40903K, committed 41472K, reserved 1114112K
  class space    used 5222K, committed 5440K, reserved 1048576K
}
Event: 231.477 GC heap after
{Heap after GC invocations=27 (full 17):
 garbage-first heap   total 75776K, used 25118K [0x00000000c0000000, 0x0000000100000000)
  region size 1024K, 0 young (0K), 0 survivors (0K)
 Metaspace       used 40903K, committed 41472K, reserved 1114112K
  class space    used 5222K, committed 5440K, reserved 1048576K
}
Event: 241.748 GC heap before
{Heap before GC invocations=27 (full 17):
 garbage-first heap   total 75776K, used 25118K [0x00000000c0000000, 0x0000000100000000)
  region size 1024K, 1 young (1024K), 0 survivors (0K)
 Metaspace       used 40903K, committed 41472K, reserved 1114112K
  class space    used 5222K, committed 5440K, reserved 1048576K
}
Event: 241.842 GC heap after
{Heap after GC invocations=28 (full 18):
 garbage-first heap   total 75776K, used 25118K [0x00000000c0000000, 0x0000000100000000)
  region size 1024K, 0 young (0K), 0 survivors (0K)
 Metaspace       used 40903K, committed 41472K, reserved 1114112K
  class space    used 5222K, committed 5440K, reserved 1048576K
}
Event: 252.277 GC heap before
{Heap before GC invocations=28 (full 18):
 garbage-first heap   total 75776K, used 25118K [0x00000000c0000000, 0x0000000100000000)
  region size 1024K, 1 young (1024K), 0 survivors (0K)
 Metaspace       used 40903K, committed 41472K, reserved 1114112K
  class space    used 5222K, committed 5440K, reserved 1048576K
}
Event: 252.398 GC heap after
{Heap after GC invocations=29 (full 19):
 garbage-first heap   total 75776K, used 25118K [0x00000000c0000000, 0x0000000100000000)
  region size 1024K, 0 young (0K), 0 survivors (0K)
 Metaspace       used 40903K, committed 41472K, reserved 1114112K
  class space    used 5222K, committed 5440K, reserved 1048576K
}

Dll operation events (8 events):
Event: 0.097 Loaded shared library c:\Users\umamda\.vscode\extensions\redhat.java-1.33.0-win32-x64\jre\17.0.11-win32-x86_64\bin\java.dll
Event: 1.740 Loaded shared library C:\Users\umamda\.vscode\extensions\redhat.java-1.33.0-win32-x64\jre\17.0.11-win32-x86_64\bin\net.dll
Event: 1.915 Loaded shared library C:\Users\umamda\.vscode\extensions\redhat.java-1.33.0-win32-x64\jre\17.0.11-win32-x86_64\bin\nio.dll
Event: 2.177 Loaded shared library C:\Users\umamda\.vscode\extensions\redhat.java-1.33.0-win32-x64\jre\17.0.11-win32-x86_64\bin\zip.dll
Event: 4.443 Loaded shared library C:\Users\umamda\.vscode\extensions\redhat.java-1.33.0-win32-x64\jre\17.0.11-win32-x86_64\bin\jimage.dll
Event: 6.052 Loaded shared library c:\Users\umamda\.vscode\extensions\redhat.java-1.33.0-win32-x64\jre\17.0.11-win32-x86_64\bin\verify.dll
Event: 10.387 Loaded shared library C:\Users\umamda\.vscode\extensions\redhat.java-1.33.0-win32-x64\jre\17.0.11-win32-x86_64\bin\management.dll
Event: 10.394 Loaded shared library C:\Users\umamda\.vscode\extensions\redhat.java-1.33.0-win32-x64\jre\17.0.11-win32-x86_64\bin\management_ext.dll

Deoptimization events (4 events):
Event: 10.786 Thread 0x000001b9ae5b8600 DEOPT PACKING pc=0x000001b9a0644281 sp=0x00000032645fddc0
Event: 10.787 Thread 0x000001b9ae5b8600 DEOPT UNPACKING pc=0x000001b9a015ace3 sp=0x00000032645fd250 mode 3
Event: 10.791 Thread 0x000001b9ae5e8b60 DEOPT PACKING pc=0x000001b9a0624c17 sp=0x00000032647feef0
Event: 10.791 Thread 0x000001b9ae5e8b60 DEOPT UNPACKING pc=0x000001b9a015ace3 sp=0x00000032647fe348 mode 3

Classes unloaded (20 events):
Event: 86.929 Thread 0x000001b9a827aa80 Unloading class 0x00000001003a4000 'java/lang/invoke/LambdaForm$DMH+0x00000001003a4000'
Event: 86.929 Thread 0x000001b9a827aa80 Unloading class 0x0000000100268000 'java/lang/invoke/LambdaForm$MH+0x0000000100268000'
Event: 86.929 Thread 0x000001b9a827aa80 Unloading class 0x0000000100096000 'java/lang/invoke/LambdaForm$MH+0x0000000100096000'
Event: 86.929 Thread 0x000001b9a827aa80 Unloading class 0x0000000100095c00 'java/lang/invoke/LambdaForm$MH+0x0000000100095c00'
Event: 86.929 Thread 0x000001b9a827aa80 Unloading class 0x0000000100095800 'java/lang/invoke/LambdaForm$MH+0x0000000100095800'
Event: 86.929 Thread 0x000001b9a827aa80 Unloading class 0x0000000100095400 'java/lang/invoke/LambdaForm$MH+0x0000000100095400'
Event: 86.929 Thread 0x000001b9a827aa80 Unloading class 0x0000000100095000 'java/lang/invoke/LambdaForm$MH+0x0000000100095000'
Event: 86.929 Thread 0x000001b9a827aa80 Unloading class 0x0000000100094c00 'java/lang/invoke/LambdaForm$MH+0x0000000100094c00'
Event: 86.929 Thread 0x000001b9a827aa80 Unloading class 0x0000000100094800 'java/lang/invoke/LambdaForm$MH+0x0000000100094800'
Event: 86.929 Thread 0x000001b9a827aa80 Unloading class 0x0000000100094400 'java/lang/invoke/LambdaForm$MH+0x0000000100094400'
Event: 86.929 Thread 0x000001b9a827aa80 Unloading class 0x000000010008e800 'java/lang/invoke/LambdaForm$MH+0x000000010008e800'
Event: 86.929 Thread 0x000001b9a827aa80 Unloading class 0x000000010008e400 'java/lang/invoke/LambdaForm$MH+0x000000010008e400'
Event: 86.929 Thread 0x000001b9a827aa80 Unloading class 0x000000010008e000 'java/lang/invoke/LambdaForm$MH+0x000000010008e000'
Event: 86.929 Thread 0x000001b9a827aa80 Unloading class 0x000000010008dc00 'java/lang/invoke/LambdaForm$MH+0x000000010008dc00'
Event: 86.929 Thread 0x000001b9a827aa80 Unloading class 0x000000010008d800 'java/lang/invoke/LambdaForm$MH+0x000000010008d800'
Event: 86.929 Thread 0x000001b9a827aa80 Unloading class 0x000000010008d400 'java/lang/invoke/LambdaForm$MH+0x000000010008d400'
Event: 86.929 Thread 0x000001b9a827aa80 Unloading class 0x000000010008cc00 'java/lang/invoke/LambdaForm$MH+0x000000010008cc00'
Event: 86.929 Thread 0x000001b9a827aa80 Unloading class 0x000000010008c800 'java/lang/invoke/LambdaForm$MH+0x000000010008c800'
Event: 86.929 Thread 0x000001b9a827aa80 Unloading class 0x000000010008c000 'java/lang/invoke/LambdaForm$MH+0x000000010008c000'
Event: 86.929 Thread 0x000001b9a827aa80 Unloading class 0x000000010008bc00 'java/lang/invoke/LambdaForm$MH+0x000000010008bc00'

Classes redefined (0 events):
No events

Internal exceptions (20 events):
Event: 7.813 Thread 0x000001b99d4781e0 Exception <a 'java/lang/NoSuchMethodError'{0x00000000c3d59de8}: 'java.lang.Object java.lang.invoke.DirectMethodHandle$Holder.invokeSpecial(java.lang.Object, java.lang.Object, int, java.lang.Object, java.lang.Object)'> (0x00000000c3d59de8) 
thrown [s\src\hotspot\share\interpreter\linkResolver.cpp, line 759]
Event: 7.813 Thread 0x000001b99d4781e0 Exception <a 'java/lang/NoSuchMethodError'{0x00000000c3d5da90}: 'java.lang.Object java.lang.invoke.DelegatingMethodHandle$Holder.delegate(java.lang.Object, int, java.lang.Object, java.lang.Object)'> (0x00000000c3d5da90) 
thrown [s\src\hotspot\share\interpreter\linkResolver.cpp, line 759]
Event: 7.815 Thread 0x000001b99d4781e0 Exception <a 'java/lang/NoSuchMethodError'{0x00000000c3d6e918}: 'int java.lang.invoke.Invokers$Holder.linkToTargetMethod(java.lang.Object, java.lang.Object, java.lang.Object)'> (0x00000000c3d6e918) 
thrown [s\src\hotspot\share\interpreter\linkResolver.cpp, line 759]
Event: 7.942 Thread 0x000001b99d4781e0 Exception <a 'java/lang/NoSuchMethodError'{0x00000000c3831410}: 'java.lang.Object java.lang.invoke.DirectMethodHandle$Holder.invokeStaticInit(java.lang.Object, int, int, int, int)'> (0x00000000c3831410) 
thrown [s\src\hotspot\share\interpreter\linkResolver.cpp, line 759]
Event: 8.810 Thread 0x000001b99d4781e0 Exception <a 'java/lang/NoSuchMethodError'{0x00000000c371d448}: 'java.lang.Object java.lang.invoke.DirectMethodHandle$Holder.invokeStaticInit(java.lang.Object, java.lang.Object, int, int, int, int)'> (0x00000000c371d448) 
thrown [s\src\hotspot\share\interpreter\linkResolver.cpp, line 759]
Event: 9.072 Thread 0x000001b99d4781e0 Exception <a 'java/lang/NoSuchMethodError'{0x00000000c2fb06d8}: 'void java.lang.invoke.DirectMethodHandle$Holder.invokeSpecialIFC(java.lang.Object, java.lang.Object, java.lang.Object)'> (0x00000000c2fb06d8) 
thrown [s\src\hotspot\share\interpreter\linkResolver.cpp, line 759]
Event: 9.764 Thread 0x000001b99d4781e0 Exception <a 'java/lang/NoSuchMethodError'{0x00000000c33e4f38}: 'int java.lang.invoke.DirectMethodHandle$Holder.invokeStaticInit(java.lang.Object, java.lang.Object, int, java.lang.Object)'> (0x00000000c33e4f38) 
thrown [s\src\hotspot\share\interpreter\linkResolver.cpp, line 759]
Event: 9.873 Thread 0x000001b99d4781e0 Exception <a 'java/lang/NoSuchMethodError'{0x00000000c59cef50}: 'void java.lang.invoke.DirectMethodHandle$Holder.invokeSpecial(java.lang.Object, java.lang.Object, java.lang.Object, java.lang.Object, java.lang.Object, java.lang.Object, java.lang.Object)'> (0x00000000c59cef50) 
thrown [s\src\hotspot\share\interpreter\linkResolver.cpp, line 759]
Event: 10.175 Thread 0x000001b99d4781e0 Exception <a 'java/lang/NoSuchMethodError'{0x00000000c4321988}: 'java.lang.Object java.lang.invoke.DirectMethodHandle$Holder.invokeInterface(java.lang.Object, java.lang.Object, int)'> (0x00000000c4321988) 
thrown [s\src\hotspot\share\interpreter\linkResolver.cpp, line 759]
Event: 10.177 Thread 0x000001b99d4781e0 Exception <a 'java/lang/IncompatibleClassChangeError'{0x00000000c4338740}: Found class java.lang.Object, but interface was expected> (0x00000000c4338740) 
thrown [s\src\hotspot\share\interpreter\linkResolver.cpp, line 826]
Event: 10.376 Thread 0x000001b99d4781e0 Exception <a 'java/lang/NoSuchMethodError'{0x00000000c3d387e8}: 'java.lang.Object java.lang.invoke.DirectMethodHandle$Holder.newInvokeSpecial(java.lang.Object, java.lang.Object, int, java.lang.Object, java.lang.Object)'> (0x00000000c3d387e8) 
thrown [s\src\hotspot\share\interpreter\linkResolver.cpp, line 759]
Event: 10.377 Thread 0x000001b99d4781e0 Exception <a 'java/lang/NoSuchMethodError'{0x00000000c3d4f7f0}: 'java.lang.Object java.lang.invoke.DirectMethodHandle$Holder.newInvokeSpecial(java.lang.Object, java.lang.Object, java.lang.Object, int)'> (0x00000000c3d4f7f0) 
thrown [s\src\hotspot\share\interpreter\linkResolver.cpp, line 759]
Event: 10.378 Thread 0x000001b99d4781e0 Exception <a 'java/lang/NoSuchMethodError'{0x00000000c3d53ad8}: 'java.lang.Object java.lang.invoke.DirectMethodHandle$Holder.invokeSpecial(java.lang.Object, java.lang.Object, java.lang.Object, java.lang.Object, int)'> (0x00000000c3d53ad8) 
thrown [s\src\hotspot\share\interpreter\linkResolver.cpp, line 759]
Event: 10.378 Thread 0x000001b99d4781e0 Exception <a 'java/lang/NoSuchMethodError'{0x00000000c3d576a0}: 'java.lang.Object java.lang.invoke.Invokers$Holder.linkToTargetMethod(java.lang.Object, java.lang.Object, int, java.lang.Object)'> (0x00000000c3d576a0) 
thrown [s\src\hotspot\share\interpreter\linkResolver.cpp, line 759]
Event: 10.671 Thread 0x000001b9ae5df9d0 Exception <a 'java/lang/NoSuchMethodError'{0x00000000c3386f28}: 'java.lang.Object java.lang.invoke.DirectMethodHandle$Holder.invokeStatic(java.lang.Object, int, java.lang.Object)'> (0x00000000c3386f28) 
thrown [s\src\hotspot\share\interpreter\linkResolver.cpp, line 759]
Event: 10.743 Thread 0x000001b9ae5b8600 Exception <a 'java/lang/NoSuchMethodError'{0x00000000c33fe770}: 'java.lang.Object java.lang.invoke.DirectMethodHandle$Holder.invokeStatic(java.lang.Object, java.lang.Object, java.lang.Object, int, java.lang.Object, java.lang.Object)'> (0x00000000c33fe770) 
thrown [s\src\hotspot\share\interpreter\linkResolver.cpp, line 759]
Event: 11.472 Thread 0x000001b9ae61bd60 Exception <a 'java/lang/NoSuchMethodError'{0x00000000c44f8510}: 'int java.lang.invoke.DirectMethodHandle$Holder.invokeStatic(java.lang.Object)'> (0x00000000c44f8510) 
thrown [s\src\hotspot\share\interpreter\linkResolver.cpp, line 759]
Event: 11.472 Thread 0x000001b9ae61bd60 Exception <a 'java/lang/NoSuchMethodError'{0x00000000c44fb910}: 'int java.lang.invoke.DirectMethodHandle$Holder.invokeStaticInit(java.lang.Object)'> (0x00000000c44fb910) 
thrown [s\src\hotspot\share\interpreter\linkResolver.cpp, line 759]
Event: 50.899 Thread 0x000001b9ae48c060 Exception <a 'java/lang/NoSuchMethodError'{0x00000000c435a5f0}: 'void java.lang.invoke.DirectMethodHandle$Holder.invokeStatic(java.lang.Object, long)'> (0x00000000c435a5f0) 
thrown [s\src\hotspot\share\interpreter\linkResolver.cpp, line 759]
Event: 50.928 Thread 0x000001b9ae48c060 Exception <a 'java/lang/NoSuchMethodError'{0x00000000c435f998}: 'java.lang.Object java.lang.invoke.DirectMethodHandle$Holder.newInvokeSpecial(java.lang.Object, long)'> (0x00000000c435f998) 
thrown [s\src\hotspot\share\interpreter\linkResolver.cpp, line 759]

VM Operations (20 events):
Event: 169.670 Executing VM operation: G1CollectFull done
Event: 179.845 Executing VM operation: G1CollectFull
Event: 179.862 Executing VM operation: G1CollectFull done
Event: 190.276 Executing VM operation: G1CollectFull
Event: 190.345 Executing VM operation: G1CollectFull done
Event: 200.579 Executing VM operation: G1CollectFull
Event: 200.604 Executing VM operation: G1CollectFull done
Event: 210.834 Executing VM operation: G1CollectFull
Event: 210.859 Executing VM operation: G1CollectFull done
Event: 211.861 Executing VM operation: Cleanup
Event: 211.861 Executing VM operation: Cleanup done
Event: 221.104 Executing VM operation: G1CollectFull
Event: 221.140 Executing VM operation: G1CollectFull done
Event: 231.425 Executing VM operation: G1CollectFull
Event: 231.478 Executing VM operation: G1CollectFull done
Event: 241.740 Executing VM operation: G1CollectFull
Event: 241.843 Executing VM operation: G1CollectFull done
Event: 252.269 Executing VM operation: G1CollectFull
Event: 252.398 Executing VM operation: G1CollectFull done
Event: 262.581 Executing VM operation: G1CollectFull

Events (20 events):
Event: 11.476 loading class java/util/concurrent/atomic/AtomicLongFieldUpdater$CASUpdater done
Event: 11.476 loading class java/util/concurrent/atomic/AtomicLongFieldUpdater$CASUpdater$1
Event: 11.476 loading class java/util/concurrent/atomic/AtomicLongFieldUpdater$CASUpdater$1 done
Event: 16.483 Thread 0x000001b9a82b3160 Thread exited: 0x000001b9a82b3160
Event: 16.483 Thread 0x000001b9a82b0c30 Thread exited: 0x000001b9a82b0c30
Event: 50.568 loading class java/lang/ProcessBuilder
Event: 50.735 loading class java/lang/ProcessBuilder done
Event: 50.737 loading class java/lang/ProcessImpl
Event: 50.775 loading class java/lang/ProcessImpl done
Event: 50.936 loading class java/lang/ProcessImpl$2
Event: 50.939 loading class java/lang/ProcessImpl$2 done
Event: 50.942 loading class java/lang/Process$PipeInputStream
Event: 50.943 loading class java/lang/Process$PipeInputStream done
Event: 51.004 loading class jdk/internal/event/ProcessStartEvent
Event: 51.015 loading class jdk/internal/event/ProcessStartEvent done
Event: 51.579 loading class java/io/FileOutputStream$1
Event: 51.579 loading class java/io/FileOutputStream$1 done
Event: 71.540 Thread 0x000001b9ae61d6b0 Thread exited: 0x000001b9ae61d6b0
Event: 71.540 Thread 0x000001b9ae39f0f0 Thread exited: 0x000001b9ae39f0f0
Event: 71.737 Thread 0x000001b9ae621d90 Thread exited: 0x000001b9ae621d90


Dynamic libraries:
0x00007ff70d310000 - 0x00007ff70d31e000 	c:\Users\umamda\.vscode\extensions\redhat.java-1.33.0-win32-x64\jre\17.0.11-win32-x86_64\bin\java.exe
0x00007ffef7650000 - 0x00007ffef7867000 	C:\Windows\SYSTEM32\ntdll.dll
0x00007ffef5ce0000 - 0x00007ffef5da4000 	C:\Windows\System32\KERNEL32.DLL
0x00007ffef4980000 - 0x00007ffef4d2d000 	C:\Windows\System32\KERNELBASE.dll
0x00007ffef4ff0000 - 0x00007ffef5101000 	C:\Windows\System32\ucrtbase.dll
0x00007ffeded10000 - 0x00007ffeded2b000 	c:\Users\umamda\.vscode\extensions\redhat.java-1.33.0-win32-x64\jre\17.0.11-win32-x86_64\bin\VCRUNTIME140.dll
0x00007ffedebe0000 - 0x00007ffedebf7000 	c:\Users\umamda\.vscode\extensions\redhat.java-1.33.0-win32-x64\jre\17.0.11-win32-x86_64\bin\jli.dll
0x00007ffef5800000 - 0x00007ffef59ae000 	C:\Windows\System32\USER32.dll
0x00007ffef4d30000 - 0x00007ffef4d56000 	C:\Windows\System32\win32u.dll
0x00007ffef6a70000 - 0x00007ffef6a99000 	C:\Windows\System32\GDI32.dll
0x00007ffef4d60000 - 0x00007ffef4e79000 	C:\Windows\System32\gdi32full.dll
0x00007ffef5110000 - 0x00007ffef51aa000 	C:\Windows\System32\msvcp_win.dll
0x00007ffedb1f0000 - 0x00007ffedb483000 	C:\Windows\WinSxS\amd64_microsoft.windows.common-controls_6595b64144ccf1df_6.0.22621.3672_none_2713b9d173822955\COMCTL32.dll
0x00007ffef63a0000 - 0x00007ffef6447000 	C:\Windows\System32\msvcrt.dll
0x00007ffef5ca0000 - 0x00007ffef5cd1000 	C:\Windows\System32\IMM32.DLL
0x00007ffedee70000 - 0x00007ffedee7c000 	c:\Users\umamda\.vscode\extensions\redhat.java-1.33.0-win32-x64\jre\17.0.11-win32-x86_64\bin\vcruntime140_1.dll
0x00007ffede4f0000 - 0x00007ffede57d000 	c:\Users\umamda\.vscode\extensions\redhat.java-1.33.0-win32-x64\jre\17.0.11-win32-x86_64\bin\msvcp140.dll
0x00007ffedc460000 - 0x00007ffedd0c2000 	c:\Users\umamda\.vscode\extensions\redhat.java-1.33.0-win32-x64\jre\17.0.11-win32-x86_64\bin\server\jvm.dll
0x00007ffef6610000 - 0x00007ffef66c2000 	C:\Windows\System32\ADVAPI32.dll
0x00007ffef69c0000 - 0x00007ffef6a69000 	C:\Windows\System32\sechost.dll
0x00007ffef5220000 - 0x00007ffef5248000 	C:\Windows\System32\bcrypt.dll
0x00007ffef7490000 - 0x00007ffef75a4000 	C:\Windows\System32\RPCRT4.dll
0x00007ffef4840000 - 0x00007ffef488d000 	C:\Windows\SYSTEM32\POWRPROF.dll
0x00007ffeec830000 - 0x00007ffeec83a000 	C:\Windows\SYSTEM32\VERSION.dll
0x00007ffee77b0000 - 0x00007ffee77e4000 	C:\Windows\SYSTEM32\WINMM.dll
0x00007ffed2a00000 - 0x00007ffed2a09000 	C:\Windows\SYSTEM32\WSOCK32.dll
0x00007ffef5bc0000 - 0x00007ffef5c31000 	C:\Windows\System32\WS2_32.dll
0x00007ffef4820000 - 0x00007ffef4833000 	C:\Windows\SYSTEM32\UMPDC.dll
0x00007ffef3970000 - 0x00007ffef3988000 	C:\Windows\SYSTEM32\kernel.appcore.dll
0x00007ffedee30000 - 0x00007ffedee3a000 	c:\Users\umamda\.vscode\extensions\redhat.java-1.33.0-win32-x64\jre\17.0.11-win32-x86_64\bin\jimage.dll
0x00007ffef1fd0000 - 0x00007ffef2202000 	C:\Windows\SYSTEM32\DBGHELP.DLL
0x00007ffef5450000 - 0x00007ffef57d8000 	C:\Windows\System32\combase.dll
0x00007ffef6aa0000 - 0x00007ffef6b77000 	C:\Windows\System32\OLEAUT32.dll
0x00007ffed1bd0000 - 0x00007ffed1c02000 	C:\Windows\SYSTEM32\dbgcore.DLL
0x00007ffef5310000 - 0x00007ffef538b000 	C:\Windows\System32\bcryptPrimitives.dll
0x00007ffedebb0000 - 0x00007ffedebd5000 	c:\Users\umamda\.vscode\extensions\redhat.java-1.33.0-win32-x64\jre\17.0.11-win32-x86_64\bin\java.dll
0x00007ffedeb90000 - 0x00007ffedeba8000 	c:\Users\umamda\.vscode\extensions\redhat.java-1.33.0-win32-x64\jre\17.0.11-win32-x86_64\bin\zip.dll
0x00007ffef6c30000 - 0x00007ffef748f000 	C:\Windows\System32\SHELL32.dll
0x00007ffef27d0000 - 0x00007ffef30cc000 	C:\Windows\SYSTEM32\windows.storage.dll
0x00007ffef2660000 - 0x00007ffef279f000 	C:\Windows\SYSTEM32\wintypes.dll
0x00007ffef66e0000 - 0x00007ffef67d4000 	C:\Windows\System32\SHCORE.dll
0x00007ffef5b60000 - 0x00007ffef5bbe000 	C:\Windows\System32\shlwapi.dll
0x00007ffef48b0000 - 0x00007ffef48d1000 	C:\Windows\SYSTEM32\profapi.dll
0x00007ffede770000 - 0x00007ffede789000 	C:\Users\umamda\.vscode\extensions\redhat.java-1.33.0-win32-x64\jre\17.0.11-win32-x86_64\bin\net.dll
0x00007ffef0aa0000 - 0x00007ffef0bd6000 	C:\Windows\SYSTEM32\WINHTTP.dll
0x00007ffef3dd0000 - 0x00007ffef3e39000 	C:\Windows\system32\mswsock.dll
0x00007ffede370000 - 0x00007ffede386000 	C:\Users\umamda\.vscode\extensions\redhat.java-1.33.0-win32-x64\jre\17.0.11-win32-x86_64\bin\nio.dll
0x00007ffede340000 - 0x00007ffede350000 	c:\Users\umamda\.vscode\extensions\redhat.java-1.33.0-win32-x64\jre\17.0.11-win32-x86_64\bin\verify.dll
0x00007ffef4120000 - 0x00007ffef413b000 	C:\Windows\SYSTEM32\CRYPTSP.dll
0x00007ffef38d0000 - 0x00007ffef3905000 	C:\Windows\system32\rsaenh.dll
0x00007ffef3e70000 - 0x00007ffef3e98000 	C:\Windows\SYSTEM32\USERENV.dll
0x00007ffef4100000 - 0x00007ffef410c000 	C:\Windows\SYSTEM32\CRYPTBASE.dll
0x00007ffef31f0000 - 0x00007ffef321d000 	C:\Windows\SYSTEM32\IPHLPAPI.DLL
0x00007ffef66d0000 - 0x00007ffef66d9000 	C:\Windows\System32\NSI.dll
0x00007ffef0c00000 - 0x00007ffef0c19000 	C:\Windows\SYSTEM32\dhcpcsvc6.DLL
0x00007ffef0be0000 - 0x00007ffef0bff000 	C:\Windows\SYSTEM32\dhcpcsvc.DLL
0x00007ffef3220000 - 0x00007ffef3318000 	C:\Windows\SYSTEM32\DNSAPI.dll
0x00007ffeef9f0000 - 0x00007ffeef9f9000 	C:\Users\umamda\.vscode\extensions\redhat.java-1.33.0-win32-x64\jre\17.0.11-win32-x86_64\bin\management.dll
0x00007ffeef9d0000 - 0x00007ffeef9db000 	C:\Users\umamda\.vscode\extensions\redhat.java-1.33.0-win32-x64\jre\17.0.11-win32-x86_64\bin\management_ext.dll
0x00007ffef7600000 - 0x00007ffef7608000 	C:\Windows\System32\PSAPI.DLL

dbghelp: loaded successfully - version: 4.0.5 - missing functions: none
symbol engine: initialized successfully - sym options: 0x614 - pdb path: .;c:\Users\umamda\.vscode\extensions\redhat.java-1.33.0-win32-x64\jre\17.0.11-win32-x86_64\bin;C:\Windows\SYSTEM32;C:\Windows\WinSxS\amd64_microsoft.windows.common-controls_6595b64144ccf1df_6.0.22621.3672_none_2713b9d173822955;c:\Users\umamda\.vscode\extensions\redhat.java-1.33.0-win32-x64\jre\17.0.11-win32-x86_64\bin\server

VM Arguments:
jvm_args: -Xmx1024m -Dsts.lsp.client=vscode -Dsts.log.file=/dev/null -XX:TieredStopAtLevel=1 -Xlog:jni+resolve=off -Dspring.config.location=file:c:\Users\umamda\.vscode\extensions\vmware.vscode-spring-boot-1.56.0\language-server\BOOT-INF\classes\application.properties 
java_command: org.springframework.ide.vscode.boot.app.BootLanguageServerBootApp
java_class_path (initial): c:\Users\umamda\.vscode\extensions\vmware.vscode-spring-boot-1.56.0\language-server\BOOT-INF\classes;c:\Users\umamda\.vscode\extensions\vmware.vscode-spring-boot-1.56.0\language-server\BOOT-INF\lib\annotations-24.1.0.jar;c:\Users\umamda\.vscode\extensions\vmware.vscode-spring-boot-1.56.0\language-server\BOOT-INF\lib\antlr4-runtime-4.13.1.jar;c:\Users\umamda\.vscode\extensions\vmware.vscode-spring-boot-1.56.0\language-server\BOOT-INF\lib\asm-9.7.jar;c:\Users\umamda\.vscode\extensions\vmware.vscode-spring-boot-1.56.0\language-server\BOOT-INF\lib\asm-analysis-9.7.jar;c:\Users\umamda\.vscode\extensions\vmware.vscode-spring-boot-1.56.0\language-server\BOOT-INF\lib\asm-tree-9.7.jar;c:\Users\umamda\.vscode\extensions\vmware.vscode-spring-boot-1.56.0\language-server\BOOT-INF\lib\asm-util-9.7.jar;c:\Users\umamda\.vscode\extensions\vmware.vscode-spring-boot-1.56.0\language-server\BOOT-INF\lib\caffeine-3.1.8.jar;c:\Users\umamda\.vscode\extensions\vmware.vscode-spring-boot-1.56.0\language-server\BOOT-INF\lib\checker-qual-3.12.0.jar;c:\Users\umamda\.vscode\extensions\vmware.vscode-spring-boot-1.56.0\language-server\BOOT-INF\lib\classgraph-4.8.149.jar;c:\Users\umamda\.vscode\extensions\vmware.vscode-spring-boot-1.56.0\language-server\BOOT-INF\lib\commons-codec-1.16.1.jar;c:\Users\umamda\.vscode\extensions\vmware.vscode-spring-boot-1.56.0\language-server\BOOT-INF\lib\commons-compress-1.26.2.jar;c:\Users\umamda\.vscode\extensions\vmware.vscode-spring-boot-1.56.0\language-server\BOOT-INF\lib\commons-io-2.16.1.jar;c:\Users\umamda\.vscode\extensions\vmware.vscode-spring-boot-1.56.0\language-server\BOOT-INF\lib\commons-java-1.56.0-SNAPSHOT.jar;c:\Users\umamda\.vscode\extensions\vmware.vscode-spring-boot-1.56.0\language-server\BOOT-INF\lib\commons-lang3-3.14.0.jar;c:\Users\umamda\.vscode\extensions\vmware.vscode-spring-boot-1.56.0\language-server\BOOT-INF\lib\commons-language-server-1.56.0-SNAPSHOT.jar;c:\Users\umamda\.vscode\extensions\vmware.vscode-spring-
Launcher Type: SUN_STANDARD

[Global flags]
     intx CICompilerCount                          = 4                                         {product} {ergonomic}
     uint ConcGCThreads                            = 2                                         {product} {ergonomic}
     uint G1ConcRefinementThreads                  = 8                                         {product} {ergonomic}
   size_t G1HeapRegionSize                         = 1048576                                   {product} {ergonomic}
    uintx GCDrainStackTargetSize                   = 64                                        {product} {ergonomic}
   size_t InitialHeapSize                          = 94371840                                  {product} {ergonomic}
   size_t MarkStackSize                            = 4194304                                   {product} {ergonomic}
   size_t MaxHeapSize                              = 1073741824                                {product} {command line}
   size_t MaxNewSize                               = 643825664                                 {product} {ergonomic}
   size_t MinHeapDeltaBytes                        = 1048576                                   {product} {ergonomic}
   size_t MinHeapSize                              = 8388608                                   {product} {ergonomic}
    uintx NonProfiledCodeHeapSize                  = 0                                      {pd product} {ergonomic}
     bool ProfileInterpreter                       = false                                  {pd product} {command line}
    uintx ProfiledCodeHeapSize                     = 0                                      {pd product} {ergonomic}
   size_t SoftMaxHeapSize                          = 1073741824                             {manageable} {ergonomic}
     intx TieredStopAtLevel                        = 1                                         {product} {command line}
     bool UseCompressedClassPointers               = true                           {product lp64_product} {ergonomic}
     bool UseCompressedOops                        = true                           {product lp64_product} {ergonomic}
     bool UseG1GC                                  = true                                      {product} {ergonomic}
     bool UseLargePagesIndividualAllocation        = false                                  {pd product} {ergonomic}

Logging:
Log output configuration:
 #0: stdout all=warning,jni+resolve=off uptime,level,tags
 #1: stderr all=off uptime,level,tags

Environment Variables:
PATH=C:\Python312\Scripts\;C:\Python312\;C:\Program Files\Common Files\Oracle\Java\javapath;C:\Program Files (x86)\Common Files\Oracle\Java\javapath;C:\Windows\system32;C:\Windows;C:\Windows\System32\Wbem;C:\Windows\System32\WindowsPowerShell\v1.0\;C:\Windows\System32\OpenSSH\;C:\Program Files (x86)\Microsoft SQL Server\150\DTS\Binn\;C:\ProgramData\chocolatey\bin;C:\Program Files\Docker\Docker\resources\bin;C:\Program Files\Git\cmd;C:\Program Files\nodejs\;C:\Program Files\MySQL\MySQL Shell 8.0\bin\;C:\Users\umamda\AppData\Local\Microsoft\WindowsApps;C:\Users\umamda\AppData\Local\Programs\Microsoft VS Code\bin;C:\Users\umamda\AppData\Roaming\npm
USERNAME=umamda
OS=Windows_NT
PROCESSOR_IDENTIFIER=Intel64 Family 6 Model 140 Stepping 1, GenuineIntel
TMP=C:\Users\umamda\AppData\Local\Temp
TEMP=C:\Users\umamda\AppData\Local\Temp



Periodic native trim disabled


---------------  S Y S T E M  ---------------

OS:
 Windows 11 , 64 bit Build 22621 (10.0.22621.3672)
OS uptime: 4 days 5:06 hours
Hyper-V role detected

CPU: total 8 (initial active 8) (4 cores per cpu, 2 threads per core) family 6 model 140 stepping 1 microcode 0xb4, cx8, cmov, fxsr, ht, mmx, 3dnowpref, sse, sse2, sse3, ssse3, sse4.1, sse4.2, popcnt, lzcnt, tsc, tscinvbit, avx, avx2, aes, erms, clmul, bmi1, bmi2, adx, avx512f, avx512dq, avx512cd, avx512bw, avx512vl, sha, fma, vzeroupper, avx512_vpopcntdq, avx512_vpclmulqdq, avx512_vaes, avx512_vnni, clflush, clflushopt, clwb, avx512_vbmi2, avx512_vbmi, hv
Processor Information for all 8 processors :
  Max Mhz: 2419, Current Mhz: 2419, Mhz Limit: 2419

Memory: 4k page, system-wide physical 5638M (113M free)
TotalPageFile size 23046M (AvailPageFile size 6M)
current process WorkingSet (physical memory assigned to process): 23M, peak: 169M
current process commit charge ("private bytes"): 212M, peak: 224M

vm_info: OpenJDK 64-Bit Server VM (17.0.11+9) for windows-amd64 JRE (17.0.11+9), built on Apr 17 2024 06:07:48 by "admin" with MS VC++ 16.10 / 16.11 (VS2019)

END.
